Performing C SOURCE FILE Test CMAKE_HAVE_LIBC_PTHREAD failed with the following output:
Change Dir: /home/jake/TTFParser/cmake-build-debug/CMakeFiles/CMakeTmp

Run Build Command(s):/usr/bin/make cmTC_a0eff/fast && make[1]: Entering directory '/home/jake/TTFParser/cmake-build-debug/CMakeFiles/CMakeTmp'
/usr/bin/make  -f CMakeFiles/cmTC_a0eff.dir/build.make CMakeFiles/cmTC_a0eff.dir/build
make[2]: Entering directory '/home/jake/TTFParser/cmake-build-debug/CMakeFiles/CMakeTmp'
Building C object CMakeFiles/cmTC_a0eff.dir/src.c.o
/usr/bin/cc   -DCMAKE_HAVE_LIBC_PTHREAD   -o CMakeFiles/cmTC_a0eff.dir/src.c.o   -c /home/jake/TTFParser/cmake-build-debug/CMakeFiles/CMakeTmp/src.c
Linking C executable cmTC_a0eff
/home/jake/.local/share/JetBrains/Toolbox/apps/CLion/ch-0/203.5981.166/bin/cmake/linux/bin/cmake -E cmake_link_script CMakeFiles/cmTC_a0eff.dir/link.txt --verbose=1
/usr/bin/cc  -DCMAKE_HAVE_LIBC_PTHREAD    CMakeFiles/cmTC_a0eff.dir/src.c.o  -o cmTC_a0eff 
/usr/bin/ld: CMakeFiles/cmTC_a0eff.dir/src.c.o: in function `main':
src.c:(.text+0x3e): undefined reference to `pthread_create'
/usr/bin/ld: src.c:(.text+0x4a): undefined reference to `pthread_detach'
/usr/bin/ld: src.c:(.text+0x56): undefined reference to `pthread_cancel'
/usr/bin/ld: src.c:(.text+0x67): undefined reference to `pthread_join'
collect2: error: ld returned 1 exit status
make[2]: *** [CMakeFiles/cmTC_a0eff.dir/build.make:107: cmTC_a0eff] Error 1
make[2]: Leaving directory '/home/jake/TTFParser/cmake-build-debug/CMakeFiles/CMakeTmp'
make[1]: *** [Makefile:141: cmTC_a0eff/fast] Error 2
make[1]: Leaving directory '/home/jake/TTFParser/cmake-build-debug/CMakeFiles/CMakeTmp'


Source file was:
#include <pthread.h>

void* test_func(void* data)
{
  return data;
}

int main(void)
{
  pthread_t thread;
  pthread_create(&thread, NULL, test_func, NULL);
  pthread_detach(thread);
  pthread_cancel(thread);
  pthread_join(thread, NULL);
  pthread_atfork(NULL, NULL, NULL);
  pthread_exit(NULL);

  return 0;
}

Determining if the function pthread_create exists in the pthreads failed with the following output:
Change Dir: /home/jake/TTFParser/cmake-build-debug/CMakeFiles/CMakeTmp

Run Build Command(s):/usr/bin/make cmTC_4672f/fast && make[1]: Entering directory '/home/jake/TTFParser/cmake-build-debug/CMakeFiles/CMakeTmp'
/usr/bin/make  -f CMakeFiles/cmTC_4672f.dir/build.make CMakeFiles/cmTC_4672f.dir/build
make[2]: Entering directory '/home/jake/TTFParser/cmake-build-debug/CMakeFiles/CMakeTmp'
Building C object CMakeFiles/cmTC_4672f.dir/CheckFunctionExists.c.o
/usr/bin/cc   -DCHECK_FUNCTION_EXISTS=pthread_create   -o CMakeFiles/cmTC_4672f.dir/CheckFunctionExists.c.o   -c /home/jake/.local/share/JetBrains/Toolbox/apps/CLion/ch-0/203.5981.166/bin/cmake/linux/share/cmake-3.17/Modules/CheckFunctionExists.c
Linking C executable cmTC_4672f
/home/jake/.local/share/JetBrains/Toolbox/apps/CLion/ch-0/203.5981.166/bin/cmake/linux/bin/cmake -E cmake_link_script CMakeFiles/cmTC_4672f.dir/link.txt --verbose=1
/usr/bin/cc  -DCHECK_FUNCTION_EXISTS=pthread_create    CMakeFiles/cmTC_4672f.dir/CheckFunctionExists.c.o  -o cmTC_4672f  -lpthreads 
/usr/bin/ld: cannot find -lpthreads
collect2: error: ld returned 1 exit status
make[2]: *** [CMakeFiles/cmTC_4672f.dir/build.make:107: cmTC_4672f] Error 1
make[2]: Leaving directory '/home/jake/TTFParser/cmake-build-debug/CMakeFiles/CMakeTmp'
make[1]: *** [Makefile:141: cmTC_4672f/fast] Error 2
make[1]: Leaving directory '/home/jake/TTFParser/cmake-build-debug/CMakeFiles/CMakeTmp'



